2020-01-31 23:36:45 info: 	Example app listening on port 5000 
2020-01-31 23:36:45 debug: 	More detailed log 5000 
2020-01-31 23:37:07 info: 	::1 - - GET /robots.txt HTTP/1.1 404 149 - 15.076 ms 
 
2020-01-31 23:37:07 info: 	::1 - - GET /api/v1/bootcamps HTTP/1.1 200 7358 - 74.136 ms 
 
2020-01-31 23:37:07 info: 	::1 - - GET /favicon.ico HTTP/1.1 404 150 - 1.617 ms 
 
2020-01-31 23:38:57 info: 	Example app listening on port 5000 
2020-01-31 23:38:57 debug: 	More detailed log 5000 
2020-01-31 23:39:00 info: 	::1 - GET /api/v1/bootcamps HTTP/1.1 304 - - 51.832 ms 
 
2020-01-31 23:53:08 info: 	Example app listening on port 5000 
2020-01-31 23:53:08 debug: 	More detailed log 5000 
2020-01-31 23:53:13 info: 	Example app listening on port 5000 
2020-01-31 23:53:13 debug: 	More detailed log 5000 
2020-01-31 23:53:27 info: 	Example app listening on port 5000 
2020-01-31 23:53:27 debug: 	More detailed log 5000 
2020-01-31 23:53:38 info: 	::1 - GET /api/v1/bootcamps HTTP/1.1 304 - - 54.295 ms
 
2020-01-31 23:53:38 info: 	::1 - GET /favicon.ico HTTP/1.1 404 150 - 4.182 ms
 
2020-01-31 23:55:02 info: 	Example app listening on port 5000 
2020-01-31 23:55:02 debug: 	More detailed log 5000 
2020-01-31 23:57:06 info: 	Example app listening on port 5000 
2020-01-31 23:57:06 debug: 	More detailed log 5000 
2020-02-02 21:29:37 info: 	Example app listening on port 5000 
2020-02-02 21:29:37 debug: 	More detailed log 5000 
